<?xml version="1.0" encoding="UTF-8"?>
<!-- Generated by org.testng.reporters.JUnitReportReporter -->
<testsuite hostname="CSCO-W-PF3JEX5H" failures="0" tests="1" name="com.excel.runner" time="41.546" errors="0" timestamp="2023-01-29T11:12:25 GMT+05:30" skipped="0">
  <testcase classname="com.excel.runner" name="main" time="41.546"/>
  <system-out/>
</testsuite> <!-- com.excel.runner -->
