<?xml version="1.0" encoding="UTF-8"?>
<!-- Generated by org.testng.reporters.JUnitReportReporter -->
<testsuite hostname="CSCO-W-PF3JEX5H" failures="0" tests="7" name="com.run.NewTest" time="148.941" errors="0" timestamp="2023-01-29T01:54:25 GMT+05:30" skipped="0">
  <testcase classname="com.run.NewTest" name="runScenario" time="3.519"/>
  <system-out/>
  <testcase classname="com.run.NewTest" name="runScenario" time="14.754"/>
  <system-out/>
  <testcase classname="com.run.NewTest" name="runScenario" time="22.477"/>
  <system-out/>
  <testcase classname="com.run.NewTest" name="runScenario" time="10.686"/>
  <system-out/>
  <testcase classname="com.run.NewTest" name="runScenario" time="43.747"/>
  <system-out/>
  <testcase classname="com.run.NewTest" name="runScenario" time="41.142"/>
  <system-out/>
  <testcase classname="com.run.NewTest" name="runScenario" time="12.616"/>
  <system-out/>
</testsuite> <!-- com.run.NewTest -->
