<?xml version="1.0" encoding="UTF-8"?>
<!-- Generated by org.testng.reporters.JUnitReportReporter -->
<testsuite hostname="CSCO-W-PF3JEX5H" failures="0" tests="7" name="com.run.RunTest" time="71.472" errors="0" timestamp="2023-01-29T12:20:27 GMT+05:30" skipped="0">
  <testcase classname="com.run.RunTest" name="runScenario" time="8.261"/>
  <system-out/>
  <testcase classname="com.run.RunTest" name="runScenario" time="4.259"/>
  <system-out/>
  <testcase classname="com.run.RunTest" name="runScenario" time="19.847"/>
  <system-out/>
  <testcase classname="com.run.RunTest" name="runScenario" time="4.931"/>
  <system-out/>
  <testcase classname="com.run.RunTest" name="runScenario" time="6.004"/>
  <system-out/>
  <testcase classname="com.run.RunTest" name="runScenario" time="10.630"/>
  <system-out/>
  <testcase classname="com.run.RunTest" name="runScenario" time="17.540"/>
  <system-out/>
</testsuite> <!-- com.run.RunTest -->
